2026-06-15T09:57:13.0030190Z State: Starting, Action: EstablishingSiteNetworks, LastError: ContainerTimeout, LastErrorTimestamp: 06/15/2026 09:45:45, LastErrorDetails: Container did not start within expected time limit of 230s. Please inspect your container logs for more details., Details: Site stopped at 06/15/2026 09:45:55 (UTC), DetailsLevel: ERR
2026-06-15T09:57:18.8893362Z State: Starting, Action: StartingSiteContainers, LastError: ContainerTimeout, LastErrorTimestamp: 06/15/2026 09:45:45, LastErrorDetails: Container did not start within expected time limit of 230s. Please inspect your container logs for more details., Details: Site stopped at 06/15/2026 09:45:55 (UTC), DetailsLevel: ERR
2026-06-15T09:57:18.8952990Z Container start method called.
2026-06-15T09:57:18.8959603Z State: Starting, Action: PullingImage, LastError: ContainerTimeout, LastErrorTimestamp: 06/15/2026 09:45:45, LastErrorDetails: Container did not start within expected time limit of 230s. Please inspect your container logs for more details., Details: Pulling image pgsupplyregistry.azurecr.io/backend:a3a16ac04ed746309f9730c003bad4cb30d486b6 for pg-enterprise-supply-api_4724., DetailsLevel: INFO
2026-06-15T09:57:18.8963676Z Establishing network.
2026-06-15T09:57:18.8965946Z Pulling image: pgsupplyregistry.azurecr.io/backend:a3a16ac04ed746309f9730c003bad4cb30d486b6.
2026-06-15T09:58:04.7142388Z Image pgsupplyregistry.azurecr.io/backend:a3a16ac04ed746309f9730c003bad4cb30d486b6 is pulled from registry pgsupplyregistry.azurecr.io
2026-06-15T09:58:04.7143861Z Container is starting.
2026-06-15T09:58:04.7222357Z State: Starting, Action: MountingVolumes, LastError: ContainerTimeout, LastErrorTimestamp: 06/15/2026 09:45:45, LastErrorDetails: Container did not start within expected time limit of 230s. Please inspect your container logs for more details., Details: Mounting volumes for pg-enterprise-supply-api_4724., DetailsLevel: INFO
2026-06-15T09:58:04.7228194Z Establishing user namespace if not established already.
2026-06-15T09:58:04.7229842Z Establishing network if not established already.
2026-06-15T09:58:04.7231480Z Mounting volumes.
2026-06-15T09:58:04.7233458Z Nested mountpoint 
2026-06-15T09:58:04.7343794Z Nested mountpoint volatile/logs
2026-06-15T09:58:04.8923717Z Nested mountpoint 
2026-06-15T09:58:05.3685076Z State: Starting, Action: CreatingContainer, LastError: ContainerTimeout, LastErrorTimestamp: 06/15/2026 09:45:45, LastErrorDetails: Container did not start within expected time limit of 230s. Please inspect your container logs for more details., Details: Finished pulling container image and mounting volumes for pg-enterprise-supply-api_4724. Allocatinng the rest of the container resources to finish container creation., DetailsLevel: INFO
2026-06-15T09:58:05.4659127Z Creating container.
2026-06-15T09:58:05.4663832Z Creating pipes for streaming container io.
2026-06-15T09:58:05.4717113Z Creating stdout named pipe at /podr/container/pipe/6a58b92eb1f5_pg-enterprise-supply-api_4724/stdout_3c1c3a2249e347aba1a2df75d8efea14.
2026-06-15T09:58:05.4840450Z Successfully created stdout named pipe at: /podr/container/pipe/6a58b92eb1f5_pg-enterprise-supply-api_4724/stdout_3c1c3a2249e347aba1a2df75d8efea14.
2026-06-15T09:58:05.6025046Z Opening named pipe /podr/container/pipe/6a58b92eb1f5_pg-enterprise-supply-api_4724/stdout_3c1c3a2249e347aba1a2df75d8efea14 for reading in non-blocking mode.
2026-06-15T09:58:05.6112099Z Successfully opened named pipe: /podr/container/pipe/6a58b92eb1f5_pg-enterprise-supply-api_4724/stdout_3c1c3a2249e347aba1a2df75d8efea14.
2026-06-15T09:58:05.6117919Z Successfully removed non-blocking flag from /podr/container/pipe/6a58b92eb1f5_pg-enterprise-supply-api_4724/stdout_3c1c3a2249e347aba1a2df75d8efea14.
2026-06-15T09:58:05.6520684Z Creating stderr named pipe at /podr/container/pipe/6a58b92eb1f5_pg-enterprise-supply-api_4724/stderr_82246f6202ea46c5b66895b8ba47cfac.
2026-06-15T09:58:05.6526391Z Successfully created stderr named pipe at: /podr/container/pipe/6a58b92eb1f5_pg-enterprise-supply-api_4724/stderr_82246f6202ea46c5b66895b8ba47cfac.
2026-06-15T09:58:05.6527684Z Opening named pipe /podr/container/pipe/6a58b92eb1f5_pg-enterprise-supply-api_4724/stderr_82246f6202ea46c5b66895b8ba47cfac for reading in non-blocking mode.
2026-06-15T09:58:05.6529618Z Successfully opened named pipe: /podr/container/pipe/6a58b92eb1f5_pg-enterprise-supply-api_4724/stderr_82246f6202ea46c5b66895b8ba47cfac.
2026-06-15T09:58:05.7393542Z Successfully removed non-blocking flag from /podr/container/pipe/6a58b92eb1f5_pg-enterprise-supply-api_4724/stderr_82246f6202ea46c5b66895b8ba47cfac.
2026-06-15T09:58:05.7417557Z Creating container with image: pgsupplyregistry.azurecr.io/backend:a3a16ac04ed746309f9730c003bad4cb30d486b6 from registry: pgsupplyregistry.azurecr.io and fully qualified image name: pgsupplyregistry.azurecr.io/backend:a3a16ac04ed746309f9730c003bad4cb30d486b6
2026-06-15T09:58:10.0792623Z Starting container: 6a58b92eb1f5_pg-enterprise-supply-api_4724.
2026-06-15T09:58:10.4124545Z Starting watchers and probes.
2026-06-15T09:58:10.4318475Z Starting metrics collection.
2026-06-15T09:58:10.4321223Z Container is running.
2026-06-15T09:58:10.4349299Z State: Starting, Action: CreatingContainer, LastError: ContainerTimeout, LastErrorTimestamp: 06/15/2026 09:45:45, LastErrorDetails: Container did not start within expected time limit of 230s. Please inspect your container logs for more details., Details: Container pg-enterprise-supply-api_4724 successfully created and is running., DetailsLevel: INFO
2026-06-15T09:58:10.9965682Z Container start method finished after 52100 ms.
2026-06-15T09:58:10.9968107Z State: Starting, Action: InitiatingSiteWarmUpProbe, LastError: ContainerTimeout, LastErrorTimestamp: 06/15/2026 09:45:45, LastErrorDetails: Container did not start within expected time limit of 230s. Please inspect your container logs for more details., Details: Container pg-enterprise-supply-api_4724 successfully created and is running., DetailsLevel: INFO
2026-06-15T09:58:10.9968441Z State: Starting, Action: WaitingForSiteWarmUpProbeSuccess, LastError: ContainerTimeout, LastErrorTimestamp: 06/15/2026 09:45:45, LastErrorDetails: Container did not start within expected time limit of 230s. Please inspect your container logs for more details., Details: Pinging warmup path to ensure container is ready to receive requests., DetailsLevel: INFO
